


ARM Macro Assembler    Page 1 


    1 00000000         ;/******************************************************
                       ********************//**
    2 00000000         ; * @file     startup_ARMCM0plus.s
    3 00000000         ; * @brief    CMSIS Core Device Startup File for
    4 00000000         ; *           ARMCM0plus Device Series
    5 00000000         ; * @version  V5.00
    6 00000000         ; * @date     02. March 2016
    7 00000000         ; ******************************************************
                       ************************/
    8 00000000         ;/*
    9 00000000         ; * Copyright (c) 2009-2016 ARM Limited. All rights rese
                       rved.
   10 00000000         ; *
   11 00000000         ; * SPDX-License-Identifier: Apache-2.0
   12 00000000         ; *
   13 00000000         ; * Licensed under the Apache License, Version 2.0 (the 
                       License); you may
   14 00000000         ; * not use this file except in compliance with the Lice
                       nse.
   15 00000000         ; * You may obtain a copy of the License at
   16 00000000         ; *
   17 00000000         ; * www.apache.org/licenses/LICENSE-2.0
   18 00000000         ; *
   19 00000000         ; * Unless required by applicable law or agreed to in wr
                       iting, software
   20 00000000         ; * distributed under the License is distributed on an A
                       S IS BASIS, WITHOUT
   21 00000000         ; * WARRANTIES OR CONDITIONS OF ANY KIND, either express
                        or implied.
   22 00000000         ; * See the License for the specific language governing 
                       permissions and
   23 00000000         ; * limitations under the License.
   24 00000000         ; */
   25 00000000         
   26 00000000         ;/*
   27 00000000         ;//-------- <<< Use Configuration Wizard in Context Menu
                        >>> ------------------
   28 00000000         ;*/
   29 00000000         
   30 00000000         
   31 00000000         ; <h> Stack Configuration
   32 00000000         ;   <o> Stack Size (in Bytes) <0x0-0xFFFFFFFF:8>
   33 00000000         ; </h>
   34 00000000         
   35 00000000 00000400 
                       Stack_Size
                               EQU              0x00000400
   36 00000000         
   37 00000000                 AREA             STACK, NOINIT, READWRITE, ALIGN
=3
   38 00000000         Stack_Mem
                               SPACE            Stack_Size
   39 00000400         __initial_sp
   40 00000400         
   41 00000400         
   42 00000400         ; <h> Heap Configuration
   43 00000400         ;   <o>  Heap Size (in Bytes) <0x0-0xFFFFFFFF:8>
   44 00000400         ; </h>
   45 00000400         



ARM Macro Assembler    Page 2 


   46 00000400 00000C00 
                       Heap_Size
                               EQU              0x00000C00
   47 00000400         
   48 00000400                 AREA             HEAP, NOINIT, READWRITE, ALIGN=
3
   49 00000000         __heap_base
   50 00000000         Heap_Mem
                               SPACE            Heap_Size
   51 00000C00         __heap_limit
   52 00000C00         
   53 00000C00         
   54 00000C00                 PRESERVE8
   55 00000C00                 THUMB
   56 00000C00         
   57 00000C00         
   58 00000C00         ; Vector Table Mapped to Address 0 at Reset
   59 00000C00         
   60 00000C00                 AREA             RESET, DATA, READONLY
   61 00000000                 EXPORT           __Vectors
   62 00000000                 EXPORT           __Vectors_End
   63 00000000                 EXPORT           __Vectors_Size
   64 00000000         
   65 00000000 00000000 
                       __Vectors
                               DCD              __initial_sp ; Top of Stack
   66 00000004 00000000        DCD              Reset_Handler ; Reset Handler
   67 00000008 00000000        DCD              NMI_Handler ; NMI Handler
   68 0000000C 00000000        DCD              HardFault_Handler ; Hard Fault 
                                                            Handler
   69 00000010 00000000        DCD              0           ; Reserved
   70 00000014 00000000        DCD              0           ; Reserved
   71 00000018 00000000        DCD              0           ; Reserved
   72 0000001C 00000000        DCD              0           ; Reserved
   73 00000020 00000000        DCD              0           ; Reserved
   74 00000024 00000000        DCD              0           ; Reserved
   75 00000028 00000000        DCD              0           ; Reserved
   76 0000002C 00000000        DCD              SVC_Handler ; SVCall Handler
   77 00000030 00000000        DCD              0           ; Reserved
   78 00000034 00000000        DCD              0           ; Reserved
   79 00000038 00000000        DCD              PendSV_Handler ; PendSV Handler
                                                            
   80 0000003C 00000000        DCD              SysTick_Handler 
                                                            ; SysTick Handler
   81 00000040         
   82 00000040         ; External Interrupts
   83 00000040 00000000        DCD              WDT_IRQHandler ;  0:  Watchdog 
                                                            Timer
   84 00000044 00000000        DCD              RTC_IRQHandler ;  1:  Real Time
                                                             Clock
   85 00000048 00000000        DCD              TIM0_IRQHandler ;  2:  Timer0 /
                                                             Timer1
   86 0000004C 00000000        DCD              TIM2_IRQHandler ;  3:  Timer2 /
                                                             Timer3
   87 00000050 00000000        DCD              MCIA_IRQHandler ;  4:  MCIa
   88 00000054 00000000        DCD              MCIB_IRQHandler ;  5:  MCIb
   89 00000058 00000000        DCD              UART0_IRQHandler ;  6:  UART0 -
                                                             DUT FPGA
   90 0000005C 00000000        DCD              UART1_IRQHandler ;  7:  UART1 -



ARM Macro Assembler    Page 3 


                                                             DUT FPGA
   91 00000060 00000000        DCD              UART2_IRQHandler ;  8:  UART2 -
                                                             DUT FPGA
   92 00000064 00000000        DCD              UART4_IRQHandler ;  9:  UART4 -
                                                             not connected
   93 00000068 00000000        DCD              AACI_IRQHandler 
                                                            ; 10: AACI / AC97
   94 0000006C 00000000        DCD              CLCD_IRQHandler ; 11: CLCD Comb
                                                            ined Interrupt
   95 00000070 00000000        DCD              ENET_IRQHandler ; 12: Ethernet
   96 00000074 00000000        DCD              USBDC_IRQHandler 
                                                            ; 13: USB Device
   97 00000078 00000000        DCD              USBHC_IRQHandler ; 14: USB Host
                                                             Controller
   98 0000007C 00000000        DCD              CHLCD_IRQHandler 
                                                            ; 15: Character LCD
                                                            
   99 00000080 00000000        DCD              FLEXRAY_IRQHandler 
                                                            ; 16: Flexray
  100 00000084 00000000        DCD              CAN_IRQHandler ; 17: CAN
  101 00000088 00000000        DCD              LIN_IRQHandler ; 18: LIN
  102 0000008C 00000000        DCD              I2C_IRQHandler 
                                                            ; 19: I2C ADC/DAC
  103 00000090 00000000        DCD              0           ; 20: Reserved
  104 00000094 00000000        DCD              0           ; 21: Reserved
  105 00000098 00000000        DCD              0           ; 22: Reserved
  106 0000009C 00000000        DCD              0           ; 23: Reserved
  107 000000A0 00000000        DCD              0           ; 24: Reserved
  108 000000A4 00000000        DCD              0           ; 25: Reserved
  109 000000A8 00000000        DCD              0           ; 26: Reserved
  110 000000AC 00000000        DCD              0           ; 27: Reserved
  111 000000B0 00000000        DCD              CPU_CLCD_IRQHandler ; 28: Reser
                                                            ved - CPU FPGA CLCD
                                                            
  112 000000B4 00000000        DCD              0           ; 29: Reserved - CP
                                                            U FPGA
  113 000000B8 00000000        DCD              UART3_IRQHandler ; 30: UART3   
                                                             - CPU FPGA
  114 000000BC 00000000        DCD              SPI_IRQHandler ; 31: SPI Touchs
                                                            creen - CPU FPGA
  115 000000C0         __Vectors_End
  116 000000C0         
  117 000000C0 000000C0 
                       __Vectors_Size
                               EQU              __Vectors_End - __Vectors
  118 000000C0         
  119 000000C0                 AREA             |.text|, CODE, READONLY
  120 00000000         
  121 00000000         
  122 00000000         ; Reset Handler
  123 00000000         
  124 00000000         Reset_Handler
                               PROC
  125 00000000                 EXPORT           Reset_Handler             [WEAK
]
  126 00000000                 IMPORT           SystemInit
  127 00000000                 IMPORT           __main
  128 00000000 4807            LDR              R0, =SystemInit
  129 00000002 4780            BLX              R0



ARM Macro Assembler    Page 4 


  130 00000004 4807            LDR              R0, =__main
  131 00000006 4700            BX               R0
  132 00000008                 ENDP
  133 00000008         
  134 00000008         
  135 00000008         ; Dummy Exception Handlers (infinite loops which can be 
                       modified)
  136 00000008         
  137 00000008         NMI_Handler
                               PROC
  138 00000008                 EXPORT           NMI_Handler               [WEAK
]
  139 00000008 E7FE            B                .
  140 0000000A                 ENDP
  142 0000000A         HardFault_Handler
                               PROC
  143 0000000A                 EXPORT           HardFault_Handler         [WEAK
]
  144 0000000A E7FE            B                .
  145 0000000C                 ENDP
  146 0000000C         SVC_Handler
                               PROC
  147 0000000C                 EXPORT           SVC_Handler               [WEAK
]
  148 0000000C E7FE            B                .
  149 0000000E                 ENDP
  150 0000000E         PendSV_Handler
                               PROC
  151 0000000E                 EXPORT           PendSV_Handler            [WEAK
]
  152 0000000E E7FE            B                .
  153 00000010                 ENDP
  154 00000010         SysTick_Handler
                               PROC
  155 00000010                 EXPORT           SysTick_Handler           [WEAK
]
  156 00000010 E7FE            B                .
  157 00000012                 ENDP
  158 00000012         
  159 00000012         Default_Handler
                               PROC
  160 00000012         
  161 00000012                 EXPORT           WDT_IRQHandler            [WEAK
]
  162 00000012                 EXPORT           RTC_IRQHandler            [WEAK
]
  163 00000012                 EXPORT           TIM0_IRQHandler           [WEAK
]
  164 00000012                 EXPORT           TIM2_IRQHandler           [WEAK
]
  165 00000012                 EXPORT           MCIA_IRQHandler           [WEAK
]
  166 00000012                 EXPORT           MCIB_IRQHandler           [WEAK
]
  167 00000012                 EXPORT           UART0_IRQHandler          [WEAK
]
  168 00000012                 EXPORT           UART1_IRQHandler          [WEAK
]
  169 00000012                 EXPORT           UART2_IRQHandler          [WEAK



ARM Macro Assembler    Page 5 


]
  170 00000012                 EXPORT           UART3_IRQHandler          [WEAK
]
  171 00000012                 EXPORT           UART4_IRQHandler          [WEAK
]
  172 00000012                 EXPORT           AACI_IRQHandler           [WEAK
]
  173 00000012                 EXPORT           CLCD_IRQHandler           [WEAK
]
  174 00000012                 EXPORT           ENET_IRQHandler           [WEAK
]
  175 00000012                 EXPORT           USBDC_IRQHandler          [WEAK
]
  176 00000012                 EXPORT           USBHC_IRQHandler          [WEAK
]
  177 00000012                 EXPORT           CHLCD_IRQHandler          [WEAK
]
  178 00000012                 EXPORT           FLEXRAY_IRQHandler        [WEAK
]
  179 00000012                 EXPORT           CAN_IRQHandler            [WEAK
]
  180 00000012                 EXPORT           LIN_IRQHandler            [WEAK
]
  181 00000012                 EXPORT           I2C_IRQHandler            [WEAK
]
  182 00000012                 EXPORT           CPU_CLCD_IRQHandler       [WEAK
]
  183 00000012                 EXPORT           SPI_IRQHandler            [WEAK
]
  184 00000012         
  185 00000012         WDT_IRQHandler
  186 00000012         RTC_IRQHandler
  187 00000012         TIM0_IRQHandler
  188 00000012         TIM2_IRQHandler
  189 00000012         MCIA_IRQHandler
  190 00000012         MCIB_IRQHandler
  191 00000012         UART0_IRQHandler
  192 00000012         UART1_IRQHandler
  193 00000012         UART2_IRQHandler
  194 00000012         UART3_IRQHandler
  195 00000012         UART4_IRQHandler
  196 00000012         AACI_IRQHandler
  197 00000012         CLCD_IRQHandler
  198 00000012         ENET_IRQHandler
  199 00000012         USBDC_IRQHandler
  200 00000012         USBHC_IRQHandler
  201 00000012         CHLCD_IRQHandler
  202 00000012         FLEXRAY_IRQHandler
  203 00000012         CAN_IRQHandler
  204 00000012         LIN_IRQHandler
  205 00000012         I2C_IRQHandler
  206 00000012         CPU_CLCD_IRQHandler
  207 00000012         SPI_IRQHandler
  208 00000012 E7FE            B                .
  209 00000014         
  210 00000014                 ENDP
  211 00000014         
  212 00000014         
  213 00000014                 ALIGN



ARM Macro Assembler    Page 6 


  214 00000014         
  215 00000014         
  216 00000014         ; User Initial Stack & Heap
  217 00000014         
  218 00000014                 IF               :DEF:__MICROLIB
  225 00000014         
  226 00000014                 IMPORT           __use_two_region_memory
  227 00000014                 EXPORT           __user_initial_stackheap
  228 00000014         
  229 00000014         __user_initial_stackheap
                               PROC
  230 00000014 4804            LDR              R0, =  Heap_Mem
  231 00000016 4905            LDR              R1, =(Stack_Mem + Stack_Size)
  232 00000018 4A05            LDR              R2, = (Heap_Mem +  Heap_Size)
  233 0000001A 4B06            LDR              R3, = Stack_Mem
  234 0000001C 4770            BX               LR
  235 0000001E                 ENDP
  236 0000001E         
  237 0000001E 00 00           ALIGN
  238 00000020         
  239 00000020                 ENDIF
  240 00000020         
  241 00000020         
  242 00000020                 END
              00000000 
              00000000 
              00000000 
              00000400 
              00000C00 
              00000000 
Command Line: --debug --xref --diag_suppress=9931 --cpu=Cortex-M0+ --apcs=inter
work --depend=.\objects\startup_armcm0plus.d -o.\objects\startup_armcm0plus.o -
I.\RTE\_Target_1 -IC:\Keil_v5\ARM\PACK\ARM\CMSIS\5.0.1\CMSIS\Include -IC:\Keil_
v5\ARM\PACK\ARM\CMSIS\5.0.1\Device\ARM\ARMCM0plus\Include --predefine="__EVAL S
ETA 1" --predefine="__UVISION_VERSION SETA 523" --predefine="_RTE_ SETA 1" --pr
edefine="ARMCM0P SETA 1" --list=.\listings\startup_armcm0plus.lst RTE\Device\AR
MCM0P\startup_ARMCM0plus.s



ARM Macro Assembler    Page 1 Alphabetic symbol ordering
Relocatable symbols

STACK 00000000

Symbol: STACK
   Definitions
      At line 37 in file RTE\Device\ARMCM0P\startup_ARMCM0plus.s
   Uses
      None
Comment: STACK unused
Stack_Mem 00000000

Symbol: Stack_Mem
   Definitions
      At line 38 in file RTE\Device\ARMCM0P\startup_ARMCM0plus.s
   Uses
      At line 231 in file RTE\Device\ARMCM0P\startup_ARMCM0plus.s
      At line 233 in file RTE\Device\ARMCM0P\startup_ARMCM0plus.s

__initial_sp 00000400

Symbol: __initial_sp
   Definitions
      At line 39 in file RTE\Device\ARMCM0P\startup_ARMCM0plus.s
   Uses
      At line 65 in file RTE\Device\ARMCM0P\startup_ARMCM0plus.s
Comment: __initial_sp used once
3 symbols



ARM Macro Assembler    Page 1 Alphabetic symbol ordering
Relocatable symbols

HEAP 00000000

Symbol: HEAP
   Definitions
      At line 48 in file RTE\Device\ARMCM0P\startup_ARMCM0plus.s
   Uses
      None
Comment: HEAP unused
Heap_Mem 00000000

Symbol: Heap_Mem
   Definitions
      At line 50 in file RTE\Device\ARMCM0P\startup_ARMCM0plus.s
   Uses
      At line 230 in file RTE\Device\ARMCM0P\startup_ARMCM0plus.s
      At line 232 in file RTE\Device\ARMCM0P\startup_ARMCM0plus.s

__heap_base 00000000

Symbol: __heap_base
   Definitions
      At line 49 in file RTE\Device\ARMCM0P\startup_ARMCM0plus.s
   Uses
      None
Comment: __heap_base unused
__heap_limit 00000C00

Symbol: __heap_limit
   Definitions
      At line 51 in file RTE\Device\ARMCM0P\startup_ARMCM0plus.s
   Uses
      None
Comment: __heap_limit unused
4 symbols



ARM Macro Assembler    Page 1 Alphabetic symbol ordering
Relocatable symbols

RESET 00000000

Symbol: RESET
   Definitions
      At line 60 in file RTE\Device\ARMCM0P\startup_ARMCM0plus.s
   Uses
      None
Comment: RESET unused
__Vectors 00000000

Symbol: __Vectors
   Definitions
      At line 65 in file RTE\Device\ARMCM0P\startup_ARMCM0plus.s
   Uses
      At line 61 in file RTE\Device\ARMCM0P\startup_ARMCM0plus.s
      At line 117 in file RTE\Device\ARMCM0P\startup_ARMCM0plus.s

__Vectors_End 000000C0

Symbol: __Vectors_End
   Definitions
      At line 115 in file RTE\Device\ARMCM0P\startup_ARMCM0plus.s
   Uses
      At line 62 in file RTE\Device\ARMCM0P\startup_ARMCM0plus.s
      At line 117 in file RTE\Device\ARMCM0P\startup_ARMCM0plus.s

3 symbols



ARM Macro Assembler    Page 1 Alphabetic symbol ordering
Relocatable symbols

.text 00000000

Symbol: .text
   Definitions
      At line 119 in file RTE\Device\ARMCM0P\startup_ARMCM0plus.s
   Uses
      None
Comment: .text unused
AACI_IRQHandler 00000012

Symbol: AACI_IRQHandler
   Definitions
      At line 196 in file RTE\Device\ARMCM0P\startup_ARMCM0plus.s
   Uses
      At line 93 in file RTE\Device\ARMCM0P\startup_ARMCM0plus.s
      At line 172 in file RTE\Device\ARMCM0P\startup_ARMCM0plus.s

CAN_IRQHandler 00000012

Symbol: CAN_IRQHandler
   Definitions
      At line 203 in file RTE\Device\ARMCM0P\startup_ARMCM0plus.s
   Uses
      At line 100 in file RTE\Device\ARMCM0P\startup_ARMCM0plus.s
      At line 179 in file RTE\Device\ARMCM0P\startup_ARMCM0plus.s

CHLCD_IRQHandler 00000012

Symbol: CHLCD_IRQHandler
   Definitions
      At line 201 in file RTE\Device\ARMCM0P\startup_ARMCM0plus.s
   Uses
      At line 98 in file RTE\Device\ARMCM0P\startup_ARMCM0plus.s
      At line 177 in file RTE\Device\ARMCM0P\startup_ARMCM0plus.s

CLCD_IRQHandler 00000012

Symbol: CLCD_IRQHandler
   Definitions
      At line 197 in file RTE\Device\ARMCM0P\startup_ARMCM0plus.s
   Uses
      At line 94 in file RTE\Device\ARMCM0P\startup_ARMCM0plus.s
      At line 173 in file RTE\Device\ARMCM0P\startup_ARMCM0plus.s

CPU_CLCD_IRQHandler 00000012

Symbol: CPU_CLCD_IRQHandler
   Definitions
      At line 206 in file RTE\Device\ARMCM0P\startup_ARMCM0plus.s
   Uses
      At line 111 in file RTE\Device\ARMCM0P\startup_ARMCM0plus.s
      At line 182 in file RTE\Device\ARMCM0P\startup_ARMCM0plus.s

Default_Handler 00000012

Symbol: Default_Handler
   Definitions
      At line 159 in file RTE\Device\ARMCM0P\startup_ARMCM0plus.s
   Uses



ARM Macro Assembler    Page 2 Alphabetic symbol ordering
Relocatable symbols

      None
Comment: Default_Handler unused
ENET_IRQHandler 00000012

Symbol: ENET_IRQHandler
   Definitions
      At line 198 in file RTE\Device\ARMCM0P\startup_ARMCM0plus.s
   Uses
      At line 95 in file RTE\Device\ARMCM0P\startup_ARMCM0plus.s
      At line 174 in file RTE\Device\ARMCM0P\startup_ARMCM0plus.s

FLEXRAY_IRQHandler 00000012

Symbol: FLEXRAY_IRQHandler
   Definitions
      At line 202 in file RTE\Device\ARMCM0P\startup_ARMCM0plus.s
   Uses
      At line 99 in file RTE\Device\ARMCM0P\startup_ARMCM0plus.s
      At line 178 in file RTE\Device\ARMCM0P\startup_ARMCM0plus.s

HardFault_Handler 0000000A

Symbol: HardFault_Handler
   Definitions
      At line 142 in file RTE\Device\ARMCM0P\startup_ARMCM0plus.s
   Uses
      At line 68 in file RTE\Device\ARMCM0P\startup_ARMCM0plus.s
      At line 143 in file RTE\Device\ARMCM0P\startup_ARMCM0plus.s

I2C_IRQHandler 00000012

Symbol: I2C_IRQHandler
   Definitions
      At line 205 in file RTE\Device\ARMCM0P\startup_ARMCM0plus.s
   Uses
      At line 102 in file RTE\Device\ARMCM0P\startup_ARMCM0plus.s
      At line 181 in file RTE\Device\ARMCM0P\startup_ARMCM0plus.s

LIN_IRQHandler 00000012

Symbol: LIN_IRQHandler
   Definitions
      At line 204 in file RTE\Device\ARMCM0P\startup_ARMCM0plus.s
   Uses
      At line 101 in file RTE\Device\ARMCM0P\startup_ARMCM0plus.s
      At line 180 in file RTE\Device\ARMCM0P\startup_ARMCM0plus.s

MCIA_IRQHandler 00000012

Symbol: MCIA_IRQHandler
   Definitions
      At line 189 in file RTE\Device\ARMCM0P\startup_ARMCM0plus.s
   Uses
      At line 87 in file RTE\Device\ARMCM0P\startup_ARMCM0plus.s
      At line 165 in file RTE\Device\ARMCM0P\startup_ARMCM0plus.s

MCIB_IRQHandler 00000012

Symbol: MCIB_IRQHandler



ARM Macro Assembler    Page 3 Alphabetic symbol ordering
Relocatable symbols

   Definitions
      At line 190 in file RTE\Device\ARMCM0P\startup_ARMCM0plus.s
   Uses
      At line 88 in file RTE\Device\ARMCM0P\startup_ARMCM0plus.s
      At line 166 in file RTE\Device\ARMCM0P\startup_ARMCM0plus.s

NMI_Handler 00000008

Symbol: NMI_Handler
   Definitions
      At line 137 in file RTE\Device\ARMCM0P\startup_ARMCM0plus.s
   Uses
      At line 67 in file RTE\Device\ARMCM0P\startup_ARMCM0plus.s
      At line 138 in file RTE\Device\ARMCM0P\startup_ARMCM0plus.s

PendSV_Handler 0000000E

Symbol: PendSV_Handler
   Definitions
      At line 150 in file RTE\Device\ARMCM0P\startup_ARMCM0plus.s
   Uses
      At line 79 in file RTE\Device\ARMCM0P\startup_ARMCM0plus.s
      At line 151 in file RTE\Device\ARMCM0P\startup_ARMCM0plus.s

RTC_IRQHandler 00000012

Symbol: RTC_IRQHandler
   Definitions
      At line 186 in file RTE\Device\ARMCM0P\startup_ARMCM0plus.s
   Uses
      At line 84 in file RTE\Device\ARMCM0P\startup_ARMCM0plus.s
      At line 162 in file RTE\Device\ARMCM0P\startup_ARMCM0plus.s

Reset_Handler 00000000

Symbol: Reset_Handler
   Definitions
      At line 124 in file RTE\Device\ARMCM0P\startup_ARMCM0plus.s
   Uses
      At line 66 in file RTE\Device\ARMCM0P\startup_ARMCM0plus.s
      At line 125 in file RTE\Device\ARMCM0P\startup_ARMCM0plus.s

SPI_IRQHandler 00000012

Symbol: SPI_IRQHandler
   Definitions
      At line 207 in file RTE\Device\ARMCM0P\startup_ARMCM0plus.s
   Uses
      At line 114 in file RTE\Device\ARMCM0P\startup_ARMCM0plus.s
      At line 183 in file RTE\Device\ARMCM0P\startup_ARMCM0plus.s

SVC_Handler 0000000C

Symbol: SVC_Handler
   Definitions
      At line 146 in file RTE\Device\ARMCM0P\startup_ARMCM0plus.s
   Uses
      At line 76 in file RTE\Device\ARMCM0P\startup_ARMCM0plus.s
      At line 147 in file RTE\Device\ARMCM0P\startup_ARMCM0plus.s



ARM Macro Assembler    Page 4 Alphabetic symbol ordering
Relocatable symbols


SysTick_Handler 00000010

Symbol: SysTick_Handler
   Definitions
      At line 154 in file RTE\Device\ARMCM0P\startup_ARMCM0plus.s
   Uses
      At line 80 in file RTE\Device\ARMCM0P\startup_ARMCM0plus.s
      At line 155 in file RTE\Device\ARMCM0P\startup_ARMCM0plus.s

TIM0_IRQHandler 00000012

Symbol: TIM0_IRQHandler
   Definitions
      At line 187 in file RTE\Device\ARMCM0P\startup_ARMCM0plus.s
   Uses
      At line 85 in file RTE\Device\ARMCM0P\startup_ARMCM0plus.s
      At line 163 in file RTE\Device\ARMCM0P\startup_ARMCM0plus.s

TIM2_IRQHandler 00000012

Symbol: TIM2_IRQHandler
   Definitions
      At line 188 in file RTE\Device\ARMCM0P\startup_ARMCM0plus.s
   Uses
      At line 86 in file RTE\Device\ARMCM0P\startup_ARMCM0plus.s
      At line 164 in file RTE\Device\ARMCM0P\startup_ARMCM0plus.s

UART0_IRQHandler 00000012

Symbol: UART0_IRQHandler
   Definitions
      At line 191 in file RTE\Device\ARMCM0P\startup_ARMCM0plus.s
   Uses
      At line 89 in file RTE\Device\ARMCM0P\startup_ARMCM0plus.s
      At line 167 in file RTE\Device\ARMCM0P\startup_ARMCM0plus.s

UART1_IRQHandler 00000012

Symbol: UART1_IRQHandler
   Definitions
      At line 192 in file RTE\Device\ARMCM0P\startup_ARMCM0plus.s
   Uses
      At line 90 in file RTE\Device\ARMCM0P\startup_ARMCM0plus.s
      At line 168 in file RTE\Device\ARMCM0P\startup_ARMCM0plus.s

UART2_IRQHandler 00000012

Symbol: UART2_IRQHandler
   Definitions
      At line 193 in file RTE\Device\ARMCM0P\startup_ARMCM0plus.s
   Uses
      At line 91 in file RTE\Device\ARMCM0P\startup_ARMCM0plus.s
      At line 169 in file RTE\Device\ARMCM0P\startup_ARMCM0plus.s

UART3_IRQHandler 00000012

Symbol: UART3_IRQHandler
   Definitions



ARM Macro Assembler    Page 5 Alphabetic symbol ordering
Relocatable symbols

      At line 194 in file RTE\Device\ARMCM0P\startup_ARMCM0plus.s
   Uses
      At line 113 in file RTE\Device\ARMCM0P\startup_ARMCM0plus.s
      At line 170 in file RTE\Device\ARMCM0P\startup_ARMCM0plus.s

UART4_IRQHandler 00000012

Symbol: UART4_IRQHandler
   Definitions
      At line 195 in file RTE\Device\ARMCM0P\startup_ARMCM0plus.s
   Uses
      At line 92 in file RTE\Device\ARMCM0P\startup_ARMCM0plus.s
      At line 171 in file RTE\Device\ARMCM0P\startup_ARMCM0plus.s

USBDC_IRQHandler 00000012

Symbol: USBDC_IRQHandler
   Definitions
      At line 199 in file RTE\Device\ARMCM0P\startup_ARMCM0plus.s
   Uses
      At line 96 in file RTE\Device\ARMCM0P\startup_ARMCM0plus.s
      At line 175 in file RTE\Device\ARMCM0P\startup_ARMCM0plus.s

USBHC_IRQHandler 00000012

Symbol: USBHC_IRQHandler
   Definitions
      At line 200 in file RTE\Device\ARMCM0P\startup_ARMCM0plus.s
   Uses
      At line 97 in file RTE\Device\ARMCM0P\startup_ARMCM0plus.s
      At line 176 in file RTE\Device\ARMCM0P\startup_ARMCM0plus.s

WDT_IRQHandler 00000012

Symbol: WDT_IRQHandler
   Definitions
      At line 185 in file RTE\Device\ARMCM0P\startup_ARMCM0plus.s
   Uses
      At line 83 in file RTE\Device\ARMCM0P\startup_ARMCM0plus.s
      At line 161 in file RTE\Device\ARMCM0P\startup_ARMCM0plus.s

__user_initial_stackheap 00000014

Symbol: __user_initial_stackheap
   Definitions
      At line 229 in file RTE\Device\ARMCM0P\startup_ARMCM0plus.s
   Uses
      At line 227 in file RTE\Device\ARMCM0P\startup_ARMCM0plus.s
Comment: __user_initial_stackheap used once
32 symbols



ARM Macro Assembler    Page 1 Alphabetic symbol ordering
Absolute symbols

Heap_Size 00000C00

Symbol: Heap_Size
   Definitions
      At line 46 in file RTE\Device\ARMCM0P\startup_ARMCM0plus.s
   Uses
      At line 50 in file RTE\Device\ARMCM0P\startup_ARMCM0plus.s
      At line 232 in file RTE\Device\ARMCM0P\startup_ARMCM0plus.s

Stack_Size 00000400

Symbol: Stack_Size
   Definitions
      At line 35 in file RTE\Device\ARMCM0P\startup_ARMCM0plus.s
   Uses
      At line 38 in file RTE\Device\ARMCM0P\startup_ARMCM0plus.s
      At line 231 in file RTE\Device\ARMCM0P\startup_ARMCM0plus.s

__Vectors_Size 000000C0

Symbol: __Vectors_Size
   Definitions
      At line 117 in file RTE\Device\ARMCM0P\startup_ARMCM0plus.s
   Uses
      At line 63 in file RTE\Device\ARMCM0P\startup_ARMCM0plus.s
Comment: __Vectors_Size used once
3 symbols



ARM Macro Assembler    Page 1 Alphabetic symbol ordering
External symbols

SystemInit 00000000

Symbol: SystemInit
   Definitions
      At line 126 in file RTE\Device\ARMCM0P\startup_ARMCM0plus.s
   Uses
      At line 128 in file RTE\Device\ARMCM0P\startup_ARMCM0plus.s
Comment: SystemInit used once
__main 00000000

Symbol: __main
   Definitions
      At line 127 in file RTE\Device\ARMCM0P\startup_ARMCM0plus.s
   Uses
      At line 130 in file RTE\Device\ARMCM0P\startup_ARMCM0plus.s
Comment: __main used once
__use_two_region_memory 00000000

Symbol: __use_two_region_memory
   Definitions
      At line 226 in file RTE\Device\ARMCM0P\startup_ARMCM0plus.s
   Uses
      None
Comment: __use_two_region_memory unused
3 symbols
386 symbols in table
